#
# A fatal error has been detected by the Java Runtime Environment:
#
#  EXCEPTION_ACCESS_VIOLATION (0xc0000005) at pc=0x00007ffcffa2feb2, pid=21164, tid=15824
#
# JRE version: Java(TM) SE Runtime Environment 18.9 (11.0.18+9) (build 11.0.18+9-LTS-195)
# Java VM: Java HotSpot(TM) 64-Bit Server VM 18.9 (11.0.18+9-LTS-195, mixed mode, tiered, compressed oops, g1 gc, windows-amd64)
# Problematic frame:
# V  [jvm.dll+0x1ffeb2]
#
# No core dump will be written. Minidumps are not enabled by default on client versions of Windows
#
# If you would like to submit a bug report, please visit:
#   https://bugreport.java.com/bugreport/crash.jsp
#

---------------  S U M M A R Y ------------

Command Line: -Dcom.sun.management.jmxremote -Dcom.sun.management.jmxremote.port=60001 -Dcom.sun.management.jmxremote.authenticate=false -Dcom.sun.management.jmxremote.ssl=false -Dspring.jmx.enabled=true -Djava.rmi.server.hostname=localhost -Dspring.application.admin.enabled=true -Dspring.boot.project.name=wepli com.bit.wepli.WepliApplication

Host: AMD Ryzen 5 5625U with Radeon Graphics         , 12 cores, 15G,  Windows 10 , 64 bit Build 19041 (10.0.19041.3155)
Time: Thu Jul 13 17:46:52 2023  Windows 10 , 64 bit Build 19041 (10.0.19041.3155) elapsed time: 10665.130318 seconds (0d 2h 57m 45s)

---------------  T H R E A D  ---------------

Current thread (0x0000026472ad1800):  GCTaskThread "GC Thread#8" [stack: 0x000000d5f5a00000,0x000000d5f5b00000] [id=15824]

Stack: [0x000000d5f5a00000,0x000000d5f5b00000],  sp=0x000000d5f5aff950,  free space=1022k
Native frames: (J=compiled Java code, j=interpreted, Vv=VM code, C=native code)
V  [jvm.dll+0x1ffeb2]
V  [jvm.dll+0x30281c]
V  [jvm.dll+0x2fff5a]
V  [jvm.dll+0x306cbb]
V  [jvm.dll+0x306618]
V  [jvm.dll+0x305f06]
V  [jvm.dll+0x7ceb10]
V  [jvm.dll+0x75c924]
V  [jvm.dll+0x65c755]
C  [ucrtbase.dll+0x21bb2]
C  [KERNEL32.DLL+0x17614]
C  [ntdll.dll+0x526b1]


siginfo: EXCEPTION_ACCESS_VIOLATION (0xc0000005), reading address 0xffffffffffffffff


Register to memory mapping:

RIP=0x00007ffcffa2feb2 jvm.dll
RAX=0x0000026461f50000 points into unknown readable memory: 0x0000000000000001 | 01 00 00 00 00 00 00 00
RBX=0x0000000000200000 is an unknown value
RCX=0x0 is NULL
RDX=0x1fffffff1ea80000 is an unknown value
RSP=0x000000d5f5aff950 points into unknown readable memory: 0x000000070c8a0170 | 70 01 8a 0c 07 00 00 00
RBP=0x000000070d2fd850 is pointing into object: java.lang.Class 
{0x000000070d2fd800} - klass: 'java/lang/Class'
 - ---- fields (total size 14 words):
 - private volatile transient strict 'cachedConstructor' 'Ljava/lang/reflect/Constructor;' @12  NULL (0)
 - private volatile transient strict 'newInstanceCallerCache' 'Ljava/lang/Class;' @16  NULL (0)
 - private transient 'name' 'Ljava/lang/String;' @20  NULL (0)
 - private transient 'module' 'Ljava/lang/Module;' @24  a 'java/lang/Module'{0x000000070b2a5460} (e1654a8c)
 - private final 'classLoader' 'Ljava/lang/ClassLoader;' @28  NULL (0)
 - private transient 'packageName' 'Ljava/lang/String;' @32  NULL (0)
 - private final strict 'componentType' 'Ljava/lang/Class;' @36  a 'java/lang/Class'{0x000000070b292968} = 'java/lang/invoke/MethodHandle'[] (e165252d)
 - private volatile transient strict 'reflectionData' 'Ljava/lang/ref/SoftReference;' @40  NULL (0)
 - private volatile transient 'genericInfo' 'Lsun/reflect/generics/repository/ClassRepository;' @44  NULL (0)
 - private volatile transient strict 'enumConstants' '[Ljava/lang/Object;' @48  NULL (0)
 - private volatile transient strict 'enumConstantDirectory' 'Ljava/util/Map;' @52  NULL (0)
 - private volatile transient 'annotationData' 'Ljava/lang/Class$AnnotationData;' @56  NULL (0)
 - private volatile transient 'annotationType' 'Lsun/reflect/annotation/AnnotationType;' @60  NULL (0)
 - transient 'classValueMap' 'Ljava/lang/ClassValue$ClassValueMap;' @64  NULL (0)
 - private volatile transient 'classRedefinedCount' 'I' @96  0
 - signature: [[Ljava/lang/invoke/MethodHandle;
 - fake entry for mirror: 'java/lang/invoke/MethodHandle'[][]
 - fake entry for array: NULL
 - fake entry for oop_size: 14
 - fake entry for static_oop_field_count: 0
RSI=0x0000026471d60b00 points into unknown readable memory: 0x0006008000000000 | 00 00 00 00 80 00 06 00
RDI=0x0000000000000001 is an unknown value
R8 =0x007ffffffc7aa000 is an unknown value
R9 =0x0000000800000000 is pointing into metadata
R10=0x0 is NULL
R11=0x1600000000000001 is an unknown value
R12=0x000000070d2fd800 is an oop: java.lang.Class 
{0x000000070d2fd800} - klass: 'java/lang/Class'
 - ---- fields (total size 14 words):
 - private volatile transient strict 'cachedConstructor' 'Ljava/lang/reflect/Constructor;' @12  NULL (0)
 - private volatile transient strict 'newInstanceCallerCache' 'Ljava/lang/Class;' @16  NULL (0)
 - private transient 'name' 'Ljava/lang/String;' @20  NULL (0)
 - private transient 'module' 'Ljava/lang/Module;' @24  a 'java/lang/Module'{0x000000070b2a5460} (e1654a8c)
 - private final 'classLoader' 'Ljava/lang/ClassLoader;' @28  NULL (0)
 - private transient 'packageName' 'Ljava/lang/String;' @32  NULL (0)
 - private final strict 'componentType' 'Ljava/lang/Class;' @36  a 'java/lang/Class'{0x000000070b292968} = 'java/lang/invoke/MethodHandle'[] (e165252d)
 - private volatile transient strict 'reflectionData' 'Ljava/lang/ref/SoftReference;' @40  NULL (0)
 - private volatile transient 'genericInfo' 'Lsun/reflect/generics/repository/ClassRepository;' @44  NULL (0)
 - private volatile transient strict 'enumConstants' '[Ljava/lang/Object;' @48  NULL (0)
 - private volatile transient strict 'enumConstantDirectory' 'Ljava/util/Map;' @52  NULL (0)
 - private volatile transient 'annotationData' 'Ljava/lang/Class$AnnotationData;' @56  NULL (0)
 - private volatile transient 'annotationType' 'Lsun/reflect/annotation/AnnotationType;' @60  NULL (0)
 - transient 'classValueMap' 'Ljava/lang/ClassValue$ClassValueMap;' @64  NULL (0)
 - private volatile transient 'classRedefinedCount' 'I' @96  0
 - signature: [[Ljava/lang/invoke/MethodHandle;
 - fake entry for mirror: 'java/lang/invoke/MethodHandle'[][]
 - fake entry for array: NULL
 - fake entry for oop_size: 14
 - fake entry for static_oop_field_count: 0
R13=0x0000000800002310 is a pointer to class: 
java.lang.Cloneable {0x0000000800002318}
 - instance size:     2
 - klass size:        64
 - access:            public interface abstract 
 - state:             linked
 - name:              'java/lang/Cloneable'
 - super:             'java/lang/Object'
 - sub:               
 - nof implementors:  2
 - arrays:            'java/lang/Cloneable'[]
 - methods:           Array<T>(0x000002646c790088)
 - method ordering:   Array<T>(0x000002646c790058)
 - default_methods:   Array<T>(0x0000000000000000)
 - local interfaces:  Array<T>(0x000002646c7900a0)
 - trans. interfaces: Array<T>(0x000002646c7900a0)
 - constants:         constant pool [7] {0x000002646c7a78d8} for 'java/lang/Cloneable' cache=0x000002646c8aec68
 - class loader data:  loader data: 0x0000026449cb0750 of 'bootstrap'
 - host class:        NULL
 - source file:       'Cloneable.java'
 - class annotations:       Array<T>(0x0000000000000000)
 - class type annotations:  Array<T>(0x0000000000000000)
 - field annotations:       Array<T>(0x0000000000000000)
 - field type annotations:  Array<T>(0x0000000000000000)
 - inner classes:     Array<T>(0x000002646c790070)
 - nest members:     Array<T>(0x000002646c790070)
 - java mirror:       a 'java/lang/Class'{0x000000070af5fe00} = 'java/lang/Cloneable'
 - vtable length      5  (start addr: 0x00000008000024e0)
 - itable length      0 (start addr: 0x0000000800002508)
 - ---- static fields (0 words):
 - ---- non-static fields (0 words):
 - non-static oop maps: 
R14=0x0000000800002308 is pointing into metadata
R15=0x0000026471d60cc8 points into unknown readable memory: 0x00007ffd000d4d98 | 98 4d 0d 00 fd 7f 00 00


Registers:
RAX=0x0000026461f50000, RBX=0x0000000000200000, RCX=0x0000000000000000, RDX=0x1fffffff1ea80000
RSP=0x000000d5f5aff950, RBP=0x000000070d2fd850, RSI=0x0000026471d60b00, RDI=0x0000000000000001
R8 =0x007ffffffc7aa000, R9 =0x0000000800000000, R10=0x0000000000000000, R11=0x1600000000000001
R12=0x000000070d2fd800, R13=0x0000000800002310, R14=0x0000000800002308, R15=0x0000026471d60cc8
RIP=0x00007ffcffa2feb2, EFLAGS=0x0000000000010246

Top of Stack: (sp=0x000000d5f5aff950)
0x000000d5f5aff950:   000000070c8a0170 00007ffcffb3281c
0x000000d5f5aff960:   000000070c8a0170 0000026471d60b00
0x000000d5f5aff970:   0000000000200000 00007ffcffb3281c
0x000000d5f5aff980:   0000000000200000 0000026471d60b00
0x000000d5f5aff990:   000000070c8a0170 00007ffcffb31411
0x000000d5f5aff9a0:   000002647282d478 000000070c8a0148
0x000000d5f5aff9b0:   0000026471d60b00 00007ffcffb2ff5a
0x000000d5f5aff9c0:   000002647282d400 000000070d2fd844
0x000000d5f5aff9d0:   000000070c8a0148 000000d5f5affa20
0x000000d5f5aff9e0:   0000000000000000 000000000000000c
0x000000d5f5aff9f0:   0000000000000010 0000000000000000
0x000000d5f5affa00:   0000026471d60b00 00007ffcffb36cbb
0x000000d5f5affa10:   00007ffcff830000 0000026471d60b00
0x000000d5f5affa20:   000000070d2fd800 0000026471d60cc8
0x000000d5f5affa30:   00007ffd00133380 0000026471d60cc8
0x000000d5f5affa40:   000000d5f5affb80 0000026471d60d28 

Instructions: (pc=0x00007ffcffa2feb2)
0x00007ffcffa2fe92:   bf 01 00 00 00 48 8b 41 18 8b 49 10 48 c1 ea 03
0x00007ffcffa2fea2:   48 d3 ea 4c 8b c2 0f b6 ca 49 c1 e8 06 80 e1 3f
0x00007ffcffa2feb2:   4a 8b 1c c0 4a 8d 34 c0 48 d3 e7 48 8b c3 48 0b
0x00007ffcffa2fec2:   c7 48 3b c3 74 2e 0f 1f 84 00 00 00 00 00 4c 8b 


Stack slot to memory mapping:
stack at sp + 0 slots: 0x000000070c8a0170 is an oop: java.lang.Class$ReflectionData 
{0x000000070c8a0170} - klass: 'java/lang/Class$ReflectionData'
 - ---- fields (total size 8 words):
 - final 'redefinedCount' 'I' @12  0
 - volatile 'declaredFields' '[Ljava/lang/reflect/Field;' @16  NULL (0)
 - volatile 'publicFields' '[Ljava/lang/reflect/Field;' @20  NULL (0)
 - volatile 'declaredMethods' '[Ljava/lang/reflect/Method;' @24  NULL (0)
 - volatile 'publicMethods' '[Ljava/lang/reflect/Method;' @28  NULL (0)
 - volatile strict 'declaredConstructors' '[Ljava/lang/reflect/Constructor;' @32  NULL (0)
 - volatile strict 'publicConstructors' '[Ljava/lang/reflect/Constructor;' @36  a 'java/lang/reflect/Constructor'[1] {0x000000070c8a01b0} (e1914036)
 - volatile 'declaredPublicFields' '[Ljava/lang/reflect/Field;' @40  NULL (0)
 - volatile 'declaredPublicMethods' '[Ljava/lang/reflect/Method;' @44  NULL (0)
 - volatile strict 'interfaces' '[Ljava/lang/Class;' @48  NULL (0)
 - 'simpleName' 'Ljava/lang/String;' @52  NULL (0)
 - 'canonicalName' 'Ljava/lang/String;' @56  NULL (0)
stack at sp + 1 slots: 0x00007ffcffb3281c jvm.dll
stack at sp + 2 slots: 0x000000070c8a0170 is an oop: java.lang.Class$ReflectionData 
{0x000000070c8a0170} - klass: 'java/lang/Class$ReflectionData'
 - ---- fields (total size 8 words):
 - final 'redefinedCount' 'I' @12  0
 - volatile 'declaredFields' '[Ljava/lang/reflect/Field;' @16  NULL (0)
 - volatile 'publicFields' '[Ljava/lang/reflect/Field;' @20  NULL (0)
 - volatile 'declaredMethods' '[Ljava/lang/reflect/Method;' @24  NULL (0)
 - volatile 'publicMethods' '[Ljava/lang/reflect/Method;' @28  NULL (0)
 - volatile strict 'declaredConstructors' '[Ljava/lang/reflect/Constructor;' @32  NULL (0)
 - volatile strict 'publicConstructors' '[Ljava/lang/reflect/Constructor;' @36  a 'java/lang/reflect/Constructor'[1] {0x000000070c8a01b0} (e1914036)
 - volatile 'declaredPublicFields' '[Ljava/lang/reflect/Field;' @40  NULL (0)
 - volatile 'declaredPublicMethods' '[Ljava/lang/reflect/Method;' @44  NULL (0)
 - volatile strict 'interfaces' '[Ljava/lang/Class;' @48  NULL (0)
 - 'simpleName' 'Ljava/lang/String;' @52  NULL (0)
 - 'canonicalName' 'Ljava/lang/String;' @56  NULL (0)
stack at sp + 3 slots: 0x0000026471d60b00 points into unknown readable memory: 0x0006008000000000 | 00 00 00 00 80 00 06 00
stack at sp + 4 slots: 0x0000000000200000 is an unknown value
stack at sp + 5 slots: 0x00007ffcffb3281c jvm.dll
stack at sp + 6 slots: 0x0000000000200000 is an unknown value
stack at sp + 7 slots: 0x0000026471d60b00 points into unknown readable memory: 0x0006008000000000 | 00 00 00 00 80 00 06 00


---------------  P R O C E S S  ---------------

Threads class SMR info:
_java_thread_list=0x0000026470844840, length=17, elements={
0x000002646c774800, 0x000002646c775800, 0x000002646d094800, 0x000002646d096800,
0x000002646d097800, 0x000002646d098000, 0x000002646d0a1000, 0x000002646d0a2000,
0x000002646d212800, 0x000002646d98a800, 0x000002646d9b8800, 0x000002646da21800,
0x000002647063e000, 0x000002647171f800, 0x0000026474ba5000, 0x000002647373b000,
0x0000026474bab800
}

Java Threads: ( => current thread )
  0x000002646c774800 JavaThread "Reference Handler" daemon [_thread_blocked, id=19376, stack(0x000000d5f3e00000,0x000000d5f3f00000)]
  0x000002646c775800 JavaThread "Finalizer" daemon [_thread_blocked, id=17444, stack(0x000000d5f3f00000,0x000000d5f4000000)]
  0x000002646d094800 JavaThread "Signal Dispatcher" daemon [_thread_blocked, id=6096, stack(0x000000d5f4000000,0x000000d5f4100000)]
  0x000002646d096800 JavaThread "Attach Listener" daemon [_thread_blocked, id=6108, stack(0x000000d5f4100000,0x000000d5f4200000)]
  0x000002646d097800 JavaThread "Service Thread" daemon [_thread_blocked, id=18568, stack(0x000000d5f4200000,0x000000d5f4300000)]
  0x000002646d098000 JavaThread "C2 CompilerThread0" daemon [_thread_blocked, id=8380, stack(0x000000d5f4300000,0x000000d5f4400000)]
  0x000002646d0a1000 JavaThread "C1 CompilerThread0" daemon [_thread_blocked, id=2368, stack(0x000000d5f4400000,0x000000d5f4500000)]
  0x000002646d0a2000 JavaThread "Sweeper thread" daemon [_thread_blocked, id=15572, stack(0x000000d5f4500000,0x000000d5f4600000)]
  0x000002646d212800 JavaThread "Common-Cleaner" daemon [_thread_blocked, id=13748, stack(0x000000d5f4600000,0x000000d5f4700000)]
  0x000002646d98a800 JavaThread "RMI TCP Accept-0" daemon [_thread_in_native, id=5748, stack(0x000000d5f4800000,0x000000d5f4900000)]
  0x000002646d9b8800 JavaThread "RMI TCP Accept-60001" daemon [_thread_in_native, id=16556, stack(0x000000d5f4900000,0x000000d5f4a00000)]
  0x000002646da21800 JavaThread "RMI TCP Accept-0" daemon [_thread_in_native, id=12240, stack(0x000000d5f4a00000,0x000000d5f4b00000)]
  0x000002647063e000 JavaThread "mysql-cj-abandoned-connection-cleanup" daemon [_thread_blocked, id=19752, stack(0x000000d5f5500000,0x000000d5f5600000)]
  0x000002647171f800 JavaThread "Live Reload Server" daemon [_thread_in_native, id=10072, stack(0x000000d5f5f00000,0x000000d5f6000000)]
  0x0000026474ba5000 JavaThread "DestroyJavaVM" [_thread_blocked, id=19520, stack(0x000000d5f3700000,0x000000d5f3800000)]
  0x000002647373b000 JavaThread "java-sdk-http-connection-reaper" daemon [_thread_blocked, id=5928, stack(0x000000d5f5c00000,0x000000d5f5d00000)]
  0x0000026474bab800 JavaThread "Thread-11" [_thread_blocked, id=7460, stack(0x000000d5f3400000,0x000000d5f3500000)]

Other Threads:
  0x000002646c773800 VMThread "VM Thread" [stack: 0x000000d5f3d00000,0x000000d5f3e00000] [id=19332]
  0x000002646da25000 WatcherThread [stack: 0x000000d5f4b00000,0x000000d5f4c00000] [id=5992]
  0x0000026449c39000 GCTaskThread "GC Thread#0" [stack: 0x000000d5f3800000,0x000000d5f3900000] [id=19764]
  0x000002646e21c800 GCTaskThread "GC Thread#1" [stack: 0x000000d5f4c00000,0x000000d5f4d00000] [id=20356]
  0x000002646d9f0800 GCTaskThread "GC Thread#2" [stack: 0x000000d5f4d00000,0x000000d5f4e00000] [id=17092]
  0x000002646e5f5800 GCTaskThread "GC Thread#3" [stack: 0x000000d5f4e00000,0x000000d5f4f00000] [id=20636]
  0x000002646e5f6000 GCTaskThread "GC Thread#4" [stack: 0x000000d5f4f00000,0x000000d5f5000000] [id=19792]
  0x000002646e83c000 GCTaskThread "GC Thread#5" [stack: 0x000000d5f5200000,0x000000d5f5300000] [id=7200]
  0x000002646ea96000 GCTaskThread "GC Thread#6" [stack: 0x000000d5f5700000,0x000000d5f5800000] [id=19316]
  0x0000026470101800 GCTaskThread "GC Thread#7" [stack: 0x000000d5f5800000,0x000000d5f5900000] [id=3864]
=>0x0000026472ad1800 GCTaskThread "GC Thread#8" [stack: 0x000000d5f5a00000,0x000000d5f5b00000] [id=15824]
  0x0000026473656800 GCTaskThread "GC Thread#9" [stack: 0x000000d5f5b00000,0x000000d5f5c00000] [id=17876]
  0x0000026449c94800 ConcurrentGCThread "G1 Main Marker" [stack: 0x000000d5f3900000,0x000000d5f3a00000] [id=15760]
  0x0000026449c97000 ConcurrentGCThread "G1 Conc#0" [stack: 0x000000d5f3a00000,0x000000d5f3b00000] [id=20364]
  0x000002646e926000 ConcurrentGCThread "G1 Conc#1" [stack: 0x000000d5f5300000,0x000000d5f5400000] [id=18500]
  0x000002646e96b800 ConcurrentGCThread "G1 Conc#2" [stack: 0x000000d5f5400000,0x000000d5f5500000] [id=18528]
  0x000002646c65b800 ConcurrentGCThread "G1 Refine#0" [stack: 0x000000d5f3b00000,0x000000d5f3c00000] [id=6436]
  0x000002646c65e000 ConcurrentGCThread "G1 Young RemSet Sampling" [stack: 0x000000d5f3c00000,0x000000d5f3d00000] [id=20948]

Threads with active compile tasks:
C2 CompilerThread0  10665228 10002   !   4       java.util.concurrent.ConcurrentHashMap::clear (176 bytes)

VM state:at safepoint (normal execution)

VM Mutex/Monitor currently owned by a thread:  ([mutex/lock_event])
[0x0000026449c207c0] Threads_lock - owner thread: 0x000002646c773800
[0x0000026449c1ff50] Heap_lock - owner thread: 0x0000026474bab800

Heap address: 0x000000070ae00000, size: 3922 MB, Compressed Oops mode: Zero based, Oop shift amount: 3
Narrow klass base: 0x0000000800000000, Narrow klass shift: 0
Compressed class space size: 1073741824 Address: 0x0000000800000000

Heap:
 garbage-first heap   total 99328K, used 58939K [0x000000070ae00000, 0x0000000800000000)
  region size 1024K, 30 young (30720K), 4 survivors (4096K)
 Metaspace       used 71790K, capacity 73711K, committed 73856K, reserved 1114112K
  class space    used 8317K, capacity 9052K, committed 9088K, reserved 1048576K
Heap Regions: E=young(eden), S=young(survivor), O=old, HS=humongous(starts), HC=humongous(continues), CS=collection set, F=free, A=archive, TAMS=top-at-mark-start (previous, next)
|   0|0x000000070ae00000, 0x000000070af00000, 0x000000070af00000|100%|HS|  |TAMS 0x000000070ae00000, 0x000000070ae00000| Untracked 
|   1|0x000000070af00000, 0x000000070b000000, 0x000000070b000000|100%| O|  |TAMS 0x000000070af00000, 0x000000070af00000| Untracked 
|   2|0x000000070b000000, 0x000000070b0f3998, 0x000000070b100000| 95%| O|  |TAMS 0x000000070b000000, 0x000000070b000000| Untracked 
|   3|0x000000070b100000, 0x000000070b1ffff8, 0x000000070b200000| 99%| O|  |TAMS 0x000000070b100000, 0x000000070b100000| Untracked 
|   4|0x000000070b200000, 0x000000070b2ffff0, 0x000000070b300000| 99%| O|  |TAMS 0x000000070b200000, 0x000000070b200000| Untracked 
|   5|0x000000070b300000, 0x000000070b3fffe8, 0x000000070b400000| 99%| O|  |TAMS 0x000000070b300000, 0x000000070b300000| Untracked 
|   6|0x000000070b400000, 0x000000070b4fffe0, 0x000000070b500000| 99%| O|  |TAMS 0x000000070b400000, 0x000000070b400000| Untracked 
|   7|0x000000070b500000, 0x000000070b5fffc0, 0x000000070b600000| 99%| O|  |TAMS 0x000000070b500000, 0x000000070b500000| Untracked 
|   8|0x000000070b600000, 0x000000070b700000, 0x000000070b700000|100%| O|  |TAMS 0x000000070b600000, 0x000000070b600000| Untracked 
|   9|0x000000070b700000, 0x000000070b7ffff8, 0x000000070b800000| 99%| O|  |TAMS 0x000000070b700000, 0x000000070b700000| Untracked 
|  10|0x000000070b800000, 0x000000070b8f9f58, 0x000000070b900000| 97%| O|  |TAMS 0x000000070b800000, 0x000000070b800000| Untracked 
|  11|0x000000070b900000, 0x000000070b9fffe8, 0x000000070ba00000| 99%| O|  |TAMS 0x000000070b900000, 0x000000070b900000| Untracked 
|  12|0x000000070ba00000, 0x000000070baffff0, 0x000000070bb00000| 99%| O|  |TAMS 0x000000070ba00000, 0x000000070ba00000| Untracked 
|  13|0x000000070bb00000, 0x000000070bc00000, 0x000000070bc00000|100%| O|  |TAMS 0x000000070bb00000, 0x000000070bb00000| Untracked 
|  14|0x000000070bc00000, 0x000000070bcfffe0, 0x000000070bd00000| 99%| O|  |TAMS 0x000000070bc00000, 0x000000070bc00000| Untracked 
|  15|0x000000070bd00000, 0x000000070bdffff0, 0x000000070be00000| 99%| O|  |TAMS 0x000000070bd00000, 0x000000070bd00000| Untracked 
|  16|0x000000070be00000, 0x000000070bf00000, 0x000000070bf00000|100%| O|  |TAMS 0x000000070be00000, 0x000000070be00000| Untracked 
|  17|0x000000070bf00000, 0x000000070bf15a90, 0x000000070c000000|  8%| O|  |TAMS 0x000000070bf00000, 0x000000070bf00000| Untracked 
|  18|0x000000070c000000, 0x000000070c100000, 0x000000070c100000|100%| O|  |TAMS 0x000000070c000000, 0x000000070c000000| Untracked 
|  19|0x000000070c100000, 0x000000070c200000, 0x000000070c200000|100%| O|  |TAMS 0x000000070c100000, 0x000000070c100000| Untracked 
|  20|0x000000070c200000, 0x000000070c249c00, 0x000000070c300000| 28%| O|  |TAMS 0x000000070c200000, 0x000000070c200000| Untracked 
|  21|0x000000070c300000, 0x000000070c300000, 0x000000070c400000|  0%| F|  |TAMS 0x000000070c300000, 0x000000070c300000| Untracked 
|  22|0x000000070c400000, 0x000000070c400000, 0x000000070c500000|  0%| F|  |TAMS 0x000000070c400000, 0x000000070c400000| Untracked 
|  23|0x000000070c500000, 0x000000070c500000, 0x000000070c600000|  0%| F|  |TAMS 0x000000070c500000, 0x000000070c500000| Untracked 
|  24|0x000000070c600000, 0x000000070c6fffb8, 0x000000070c700000| 99%| O|  |TAMS 0x000000070c600000, 0x000000070c600000| Untracked 
|  25|0x000000070c700000, 0x000000070c700000, 0x000000070c800000|  0%| F|  |TAMS 0x000000070c700000, 0x000000070c700000| Untracked 
|  26|0x000000070c800000, 0x000000070c900000, 0x000000070c900000|100%| O|  |TAMS 0x000000070c800000, 0x000000070c800000| Untracked 
|  27|0x000000070c900000, 0x000000070c900000, 0x000000070ca00000|  0%| F|  |TAMS 0x000000070c900000, 0x000000070c900000| Untracked 
|  28|0x000000070ca00000, 0x000000070ca49dd8, 0x000000070cb00000| 28%| O|  |TAMS 0x000000070ca00000, 0x000000070ca00000| Untracked 
|  29|0x000000070cb00000, 0x000000070cb00000, 0x000000070cc00000|  0%| F|  |TAMS 0x000000070cb00000, 0x000000070cb00000| Untracked 
|  30|0x000000070cc00000, 0x000000070cc00000, 0x000000070cd00000|  0%| F|  |TAMS 0x000000070cc00000, 0x000000070cc00000| Untracked 
|  31|0x000000070cd00000, 0x000000070cd00000, 0x000000070ce00000|  0%| F|  |TAMS 0x000000070cd00000, 0x000000070cd00000| Untracked 
|  32|0x000000070ce00000, 0x000000070ce00000, 0x000000070cf00000|  0%| F|  |TAMS 0x000000070ce00000, 0x000000070ce00000| Untracked 
|  33|0x000000070cf00000, 0x000000070cf00000, 0x000000070d000000|  0%| F|  |TAMS 0x000000070cf00000, 0x000000070cf00000| Untracked 
|  34|0x000000070d000000, 0x000000070d000000, 0x000000070d100000|  0%| F|  |TAMS 0x000000070d000000, 0x000000070d000000| Untracked 
|  35|0x000000070d100000, 0x000000070d1fffd8, 0x000000070d200000| 99%| O|  |TAMS 0x000000070d100000, 0x000000070d100000| Untracked 
|  36|0x000000070d200000, 0x000000070d2fffd0, 0x000000070d300000| 99%| O|  |TAMS 0x000000070d200000, 0x000000070d200000| Untracked 
|  37|0x000000070d300000, 0x000000070d37eab0, 0x000000070d400000| 49%| O|  |TAMS 0x000000070d300000, 0x000000070d300000| Untracked 
|  38|0x000000070d400000, 0x000000070d400000, 0x000000070d500000|  0%| F|  |TAMS 0x000000070d400000, 0x000000070d400000| Untracked 
|  39|0x000000070d500000, 0x000000070d500000, 0x000000070d600000|  0%| F|  |TAMS 0x000000070d500000, 0x000000070d500000| Untracked 
|  40|0x000000070d600000, 0x000000070d600000, 0x000000070d700000|  0%| F|  |TAMS 0x000000070d600000, 0x000000070d600000| Untracked 
|  41|0x000000070d700000, 0x000000070d782ce8, 0x000000070d800000| 51%| S|  |TAMS 0x000000070d700000, 0x000000070d700000| Complete 
|  42|0x000000070d800000, 0x000000070d900000, 0x000000070d900000|100%| S|  |TAMS 0x000000070d800000, 0x000000070d800000| Complete 
|  43|0x000000070d900000, 0x000000070da00000, 0x000000070da00000|100%| S|  |TAMS 0x000000070d900000, 0x000000070d900000| Complete 
|  44|0x000000070da00000, 0x000000070db00000, 0x000000070db00000|100%| S|  |TAMS 0x000000070da00000, 0x000000070da00000| Complete 
|  45|0x000000070db00000, 0x000000070db00000, 0x000000070dc00000|  0%| F|  |TAMS 0x000000070db00000, 0x000000070db00000| Untracked 
|  46|0x000000070dc00000, 0x000000070dc00000, 0x000000070dd00000|  0%| F|  |TAMS 0x000000070dc00000, 0x000000070dc00000| Untracked 
|  47|0x000000070dd00000, 0x000000070dd00000, 0x000000070de00000|  0%| F|  |TAMS 0x000000070dd00000, 0x000000070dd00000| Untracked 
|  48|0x000000070de00000, 0x000000070de00000, 0x000000070df00000|  0%| F|  |TAMS 0x000000070de00000, 0x000000070de00000| Untracked 
|  49|0x000000070df00000, 0x000000070df00000, 0x000000070e000000|  0%| F|  |TAMS 0x000000070df00000, 0x000000070df00000| Untracked 
|  50|0x000000070e000000, 0x000000070e000000, 0x000000070e100000|  0%| F|  |TAMS 0x000000070e000000, 0x000000070e000000| Untracked 
|  51|0x000000070e100000, 0x000000070e100000, 0x000000070e200000|  0%| F|  |TAMS 0x000000070e100000, 0x000000070e100000| Untracked 
|  52|0x000000070e200000, 0x000000070e200000, 0x000000070e300000|  0%| F|  |TAMS 0x000000070e200000, 0x000000070e200000| Untracked 
|  53|0x000000070e300000, 0x000000070e300000, 0x000000070e400000|  0%| F|  |TAMS 0x000000070e300000, 0x000000070e300000| Untracked 
|  54|0x000000070e400000, 0x000000070e400000, 0x000000070e500000|  0%| F|  |TAMS 0x000000070e400000, 0x000000070e400000| Untracked 
|  55|0x000000070e500000, 0x000000070e500000, 0x000000070e600000|  0%| F|  |TAMS 0x000000070e500000, 0x000000070e500000| Untracked 
|  56|0x000000070e600000, 0x000000070e600000, 0x000000070e700000|  0%| F|  |TAMS 0x000000070e600000, 0x000000070e600000| Untracked 
|  57|0x000000070e700000, 0x000000070e700000, 0x000000070e800000|  0%| F|  |TAMS 0x000000070e700000, 0x000000070e700000| Untracked 
|  58|0x000000070e800000, 0x000000070e800000, 0x000000070e900000|  0%| F|  |TAMS 0x000000070e800000, 0x000000070e800000| Untracked 
|  59|0x000000070e900000, 0x000000070e900000, 0x000000070ea00000|  0%| F|  |TAMS 0x000000070e900000, 0x000000070e900000| Untracked 
|  60|0x000000070ea00000, 0x000000070ea00000, 0x000000070eb00000|  0%| F|  |TAMS 0x000000070ea00000, 0x000000070ea00000| Untracked 
|  61|0x000000070eb00000, 0x000000070eb00000, 0x000000070ec00000|  0%| F|  |TAMS 0x000000070eb00000, 0x000000070eb00000| Untracked 
|  62|0x000000070ec00000, 0x000000070ec00000, 0x000000070ed00000|  0%| F|  |TAMS 0x000000070ec00000, 0x000000070ec00000| Untracked 
|  63|0x000000070ed00000, 0x000000070ed00000, 0x000000070ee00000|  0%| F|  |TAMS 0x000000070ed00000, 0x000000070ed00000| Untracked 
|  64|0x000000070ee00000, 0x000000070ee00000, 0x000000070ef00000|  0%| F|  |TAMS 0x000000070ee00000, 0x000000070ee00000| Untracked 
|  65|0x000000070ef00000, 0x000000070ef00000, 0x000000070f000000|  0%| F|  |TAMS 0x000000070ef00000, 0x000000070ef00000| Untracked 
|  66|0x000000070f000000, 0x000000070f0beb08, 0x000000070f100000| 74%| E|  |TAMS 0x000000070f000000, 0x000000070f000000| Complete 
|  67|0x000000070f100000, 0x000000070f200000, 0x000000070f200000|100%| E|  |TAMS 0x000000070f100000, 0x000000070f100000| Complete 
|  68|0x000000070f200000, 0x000000070f300000, 0x000000070f300000|100%| E|  |TAMS 0x000000070f200000, 0x000000070f200000| Complete 
|  69|0x000000070f300000, 0x000000070f400000, 0x000000070f400000|100%| E|  |TAMS 0x000000070f300000, 0x000000070f300000| Complete 
|  70|0x000000070f400000, 0x000000070f500000, 0x000000070f500000|100%| E|  |TAMS 0x000000070f400000, 0x000000070f400000| Complete 
|  71|0x000000070f500000, 0x000000070f600000, 0x000000070f600000|100%| E|  |TAMS 0x000000070f500000, 0x000000070f500000| Complete 
|  72|0x000000070f600000, 0x000000070f700000, 0x000000070f700000|100%| E|  |TAMS 0x000000070f600000, 0x000000070f600000| Complete 
|  73|0x000000070f700000, 0x000000070f800000, 0x000000070f800000|100%| E|  |TAMS 0x000000070f700000, 0x000000070f700000| Complete 
|  74|0x000000070f800000, 0x000000070f900000, 0x000000070f900000|100%| E|  |TAMS 0x000000070f800000, 0x000000070f800000| Complete 
|  75|0x000000070f900000, 0x000000070fa00000, 0x000000070fa00000|100%| E|  |TAMS 0x000000070f900000, 0x000000070f900000| Complete 
|  76|0x000000070fa00000, 0x000000070fb00000, 0x000000070fb00000|100%| E|  |TAMS 0x000000070fa00000, 0x000000070fa00000| Complete 
|  77|0x000000070fb00000, 0x000000070fc00000, 0x000000070fc00000|100%| E|  |TAMS 0x000000070fb00000, 0x000000070fb00000| Complete 
|  78|0x000000070fc00000, 0x000000070fd00000, 0x000000070fd00000|100%| E|  |TAMS 0x000000070fc00000, 0x000000070fc00000| Complete 
|  79|0x000000070fd00000, 0x000000070fe00000, 0x000000070fe00000|100%| E|  |TAMS 0x000000070fd00000, 0x000000070fd00000| Complete 
|  80|0x000000070fe00000, 0x000000070ff00000, 0x000000070ff00000|100%| E|  |TAMS 0x000000070fe00000, 0x000000070fe00000| Complete 
| 117|0x0000000712300000, 0x0000000712400000, 0x0000000712400000|100%| E|  |TAMS 0x0000000712300000, 0x0000000712300000| Complete 
| 118|0x0000000712400000, 0x0000000712500000, 0x0000000712500000|100%| E|  |TAMS 0x0000000712400000, 0x0000000712400000| Complete 
| 120|0x0000000712600000, 0x00000007126fffb0, 0x0000000712700000| 99%| O|  |TAMS 0x0000000712600000, 0x0000000712600000| Untracked 
| 121|0x0000000712700000, 0x00000007127fffe8, 0x0000000712800000| 99%| O|  |TAMS 0x0000000712700000, 0x0000000712700000| Untracked 
| 122|0x0000000712800000, 0x0000000712900000, 0x0000000712900000|100%| E|  |TAMS 0x0000000712800000, 0x0000000712800000| Complete 
| 123|0x0000000712900000, 0x00000007129fffd8, 0x0000000712a00000| 99%| O|  |TAMS 0x0000000712900000, 0x0000000712900000| Untracked 
| 132|0x0000000713200000, 0x00000007132bfa60, 0x0000000713300000| 74%| O|  |TAMS 0x0000000713200000, 0x0000000713200000| Untracked 
| 133|0x0000000713300000, 0x0000000713400000, 0x0000000713400000|100%| E|  |TAMS 0x0000000713300000, 0x0000000713300000| Complete 
| 136|0x0000000713600000, 0x0000000713700000, 0x0000000713700000|100%| E|  |TAMS 0x0000000713600000, 0x0000000713600000| Complete 
| 137|0x0000000713700000, 0x0000000713778658, 0x0000000713800000| 47%| O|  |TAMS 0x0000000713700000, 0x0000000713700000| Untracked 
| 138|0x0000000713800000, 0x0000000713900000, 0x0000000713900000|100%| E|  |TAMS 0x0000000713800000, 0x0000000713800000| Complete 
| 139|0x0000000713900000, 0x0000000713a00000, 0x0000000713a00000|100%| E|  |TAMS 0x0000000713900000, 0x0000000713900000| Complete 
| 142|0x0000000713c00000, 0x0000000713d00000, 0x0000000713d00000|100%| E|  |TAMS 0x0000000713c00000, 0x0000000713c00000| Complete 
| 143|0x0000000713d00000, 0x0000000713e00000, 0x0000000713e00000|100%| E|  |TAMS 0x0000000713d00000, 0x0000000713d00000| Complete 
| 144|0x0000000713e00000, 0x0000000713f00000, 0x0000000713f00000|100%| E|  |TAMS 0x0000000713e00000, 0x0000000713e00000| Complete 
| 190|0x0000000716c00000, 0x0000000716d00000, 0x0000000716d00000|100%| E|  |TAMS 0x0000000716c00000, 0x0000000716c00000| Complete 

Card table byte_map: [0x0000026460ff0000,0x00000264617a0000] _byte_map_base: 0x000002645d799000

Marking Bits (Prev, Next): (CMBitMap*) 0x0000026449c84370, (CMBitMap*) 0x0000026449c84338
 Prev Bits: [0x0000026465ca0000, 0x00000264699e8000)
 Next Bits: [0x0000026461f50000, 0x0000026465c98000)

Polling page: 0x0000026447a00000

Metaspace:

Usage:
  Non-class:     63.14 MB capacity,    61.98 MB ( 98%) used,   963.57 KB (  1%) free+waste,   222.94 KB ( <1%) overhead. 
      Class:      8.84 MB capacity,     8.12 MB ( 92%) used,   628.30 KB (  7%) free+waste,   106.12 KB (  1%) overhead. 
       Both:     71.98 MB capacity,    70.11 MB ( 97%) used,     1.55 MB (  2%) free+waste,   329.06 KB ( <1%) overhead. 

Virtual space:
  Non-class space:       64.00 MB reserved,      63.25 MB ( 99%) committed 
      Class space:        1.00 GB reserved,       8.88 MB ( <1%) committed 
             Both:        1.06 GB reserved,      72.12 MB (  7%) committed 

Chunk freelists:
   Non-Class:  5.62 KB
       Class:  512 bytes
        Both:  6.12 KB

CodeHeap 'non-profiled nmethods': size=120000Kb used=6714Kb max_used=6714Kb free=113285Kb
 bounds [0x0000026458dc0000, 0x0000026459450000, 0x00000264602f0000]
CodeHeap 'profiled nmethods': size=120000Kb used=23267Kb max_used=23267Kb free=96732Kb
 bounds [0x0000026451890000, 0x0000026452f50000, 0x0000026458dc0000]
CodeHeap 'non-nmethods': size=5760Kb used=1266Kb max_used=1336Kb free=4493Kb
 bounds [0x00000264512f0000, 0x0000026451560000, 0x0000026451890000]
 total_blobs=10559 nmethods=9923 adapters=546
 compilation: enabled
              stopped_count=0, restarted_count=0
 full_count=0

Compilation events (10 events):
Event: 10665.055 Thread 0x000002646d0a1000 nmethod 9998 0x0000026452f46290 code [0x0000026452f464c0, 0x0000026452f46cf8]
Event: 10665.055 Thread 0x000002646d0a1000 9999   !   3       org.springframework.boot.web.embedded.tomcat.TomcatEmbeddedWebappClassLoader::checkPackageAccess (67 bytes)
Event: 10665.057 Thread 0x000002646d0a1000 nmethod 9999 0x0000026452f46f10 code [0x0000026452f47220, 0x0000026452f48258]
Event: 10665.073 Thread 0x000002646d0a1000 10000  s    3       sun.nio.ch.WindowsSelectorImpl$StartLock::startThreads (15 bytes)
Event: 10665.073 Thread 0x000002646d0a1000 nmethod 10000 0x0000026452f48890 code [0x0000026452f48a40, 0x0000026452f48d08]
Event: 10665.076 Thread 0x000002646d098000 10001       4       org.apache.catalina.util.LifecycleBase::fireLifecycleEvent (56 bytes)
Event: 10665.087 Thread 0x000002646d098000 nmethod 10001 0x000002645944e310 code [0x000002645944e4c0, 0x000002645944e898]
Event: 10665.087 Thread 0x000002646d098000 10002   !   4       java.util.concurrent.ConcurrentHashMap::clear (176 bytes)
Event: 10665.090 Thread 0x000002646d0a1000 10003       3       java.util.concurrent.ThreadPoolExecutor::isRunning (10 bytes)
Event: 10665.090 Thread 0x000002646d0a1000 nmethod 10003 0x0000026452f48e10 code [0x0000026452f48fa0, 0x0000026452f490d8]

GC Heap History (10 events):
Event: 7766.467 GC heap after
{Heap after GC invocations=27 (full 2):
 garbage-first heap   total 99328K, used 32135K [0x000000070ae00000, 0x0000000800000000)
  region size 1024K, 4 young (4096K), 4 survivors (4096K)
 Metaspace       used 71389K, capacity 73358K, committed 73600K, reserved 1114112K
  class space    used 8306K, capacity 9044K, committed 9088K, reserved 1048576K
}
Event: 8357.577 GC heap before
{Heap before GC invocations=27 (full 2):
 garbage-first heap   total 99328K, used 81287K [0x000000070ae00000, 0x0000000800000000)
  region size 1024K, 52 young (53248K), 4 survivors (4096K)
 Metaspace       used 71498K, capacity 73422K, committed 73600K, reserved 1114112K
  class space    used 8306K, capacity 9044K, committed 9088K, reserved 1048576K
}
Event: 8357.584 GC heap after
{Heap after GC invocations=28 (full 2):
 garbage-first heap   total 99328K, used 32293K [0x000000070ae00000, 0x0000000800000000)
  region size 1024K, 4 young (4096K), 4 survivors (4096K)
 Metaspace       used 71498K, capacity 73422K, committed 73600K, reserved 1114112K
  class space    used 8306K, capacity 9044K, committed 9088K, reserved 1048576K
}
Event: 8933.926 GC heap before
{Heap before GC invocations=28 (full 2):
 garbage-first heap   total 99328K, used 80421K [0x000000070ae00000, 0x0000000800000000)
  region size 1024K, 51 young (52224K), 4 survivors (4096K)
 Metaspace       used 71563K, capacity 73494K, committed 73600K, reserved 1114112K
  class space    used 8306K, capacity 9045K, committed 9088K, reserved 1048576K
}
Event: 8933.931 GC heap after
{Heap after GC invocations=29 (full 2):
 garbage-first heap   total 99328K, used 32204K [0x000000070ae00000, 0x0000000800000000)
  region size 1024K, 4 young (4096K), 4 survivors (4096K)
 Metaspace       used 71563K, capacity 73494K, committed 73600K, reserved 1114112K
  class space    used 8306K, capacity 9045K, committed 9088K, reserved 1048576K
}
Event: 9784.354 GC heap before
{Heap before GC invocations=29 (full 2):
 garbage-first heap   total 99328K, used 80332K [0x000000070ae00000, 0x0000000800000000)
  region size 1024K, 51 young (52224K), 4 survivors (4096K)
 Metaspace       used 71582K, capacity 73495K, committed 73600K, reserved 1114112K
  class space    used 8306K, capacity 9045K, committed 9088K, reserved 1048576K
}
Event: 9784.358 GC heap after
{Heap after GC invocations=30 (full 2):
 garbage-first heap   total 99328K, used 32311K [0x000000070ae00000, 0x0000000800000000)
  region size 1024K, 4 young (4096K), 4 survivors (4096K)
 Metaspace       used 71582K, capacity 73495K, committed 73600K, reserved 1114112K
  class space    used 8306K, capacity 9045K, committed 9088K, reserved 1048576K
}
Event: 10353.154 GC heap before
{Heap before GC invocations=30 (full 2):
 garbage-first heap   total 99328K, used 80439K [0x000000070ae00000, 0x0000000800000000)
  region size 1024K, 51 young (52224K), 4 survivors (4096K)
 Metaspace       used 71772K, capacity 73705K, committed 73856K, reserved 1114112K
  class space    used 8317K, capacity 9050K, committed 9088K, reserved 1048576K
}
Event: 10353.158 GC heap after
{Heap after GC invocations=31 (full 2):
 garbage-first heap   total 99328K, used 32576K [0x000000070ae00000, 0x0000000800000000)
  region size 1024K, 4 young (4096K), 4 survivors (4096K)
 Metaspace       used 71772K, capacity 73705K, committed 73856K, reserved 1114112K
  class space    used 8317K, capacity 9050K, committed 9088K, reserved 1048576K
}
Event: 10665.093 GC heap before
{Heap before GC invocations=31 (full 2):
 garbage-first heap   total 99328K, used 58176K [0x000000070ae00000, 0x0000000800000000)
  region size 1024K, 30 young (30720K), 4 survivors (4096K)
 Metaspace       used 71790K, capacity 73711K, committed 73856K, reserved 1114112K
  class space    used 8317K, capacity 9052K, committed 9088K, reserved 1048576K
}

Deoptimization events (10 events):
Event: 9917.769 Thread 0x0000026474baf800 Uncommon trap: reason=class_check action=maybe_recompile pc=0x000002645940f804 method=org.apache.tomcat.util.net.NioEndpoint$Poller.events()Z @ 49 c2
Event: 9917.776 Thread 0x0000026474baf800 Uncommon trap: reason=class_check action=maybe_recompile pc=0x000002645940f804 method=org.apache.tomcat.util.net.NioEndpoint$Poller.events()Z @ 49 c2
Event: 9917.780 Thread 0x0000026473741800 Uncommon trap: reason=class_check action=maybe_recompile pc=0x000002645929cd70 method=javax.crypto.Mac.chooseFirstProvider()V @ 160 c2
Event: 9917.780 Thread 0x0000026473741800 Uncommon trap: reason=class_check action=maybe_recompile pc=0x000002645929cd70 method=javax.crypto.Mac.chooseFirstProvider()V @ 160 c2
Event: 9917.780 Thread 0x0000026473741800 Uncommon trap: reason=class_check action=maybe_recompile pc=0x000002645929cd70 method=javax.crypto.Mac.chooseFirstProvider()V @ 160 c2
Event: 9917.780 Thread 0x0000026473741800 Uncommon trap: reason=class_check action=maybe_recompile pc=0x000002645929cd70 method=javax.crypto.Mac.chooseFirstProvider()V @ 160 c2
Event: 10096.210 Thread 0x0000026473740800 Uncommon trap: reason=unstable_if action=reinterpret pc=0x000002645906c354 method=com.fasterxml.jackson.core.json.UTF8StreamJsonParser._skipWSOrEnd()I @ 88 c2
Event: 10096.210 Thread 0x0000026473740800 Uncommon trap: reason=unstable_if action=reinterpret pc=0x000002645906c8c0 method=com.fasterxml.jackson.core.json.UTF8StreamJsonParser._skipWS()I @ 76 c2
Event: 10101.052 Thread 0x0000026474baf800 Uncommon trap: reason=unloaded action=reinterpret pc=0x0000026459432fb0 method=org.apache.tomcat.util.net.NioEndpoint$Poller.timeout(IZ)V @ 278 c2
Event: 10229.902 Thread 0x0000026473742800 Uncommon trap: reason=class_check action=maybe_recompile pc=0x000002645920e56c method=java.util.HashMap.removeNode(ILjava/lang/Object;Ljava/lang/Object;ZZ)Ljava/util/HashMap$Node; @ 143 c2

Classes redefined (0 events):
No events

Internal exceptions (10 events):
Event: 7496.024 Thread 0x000002647373f000 Exception <a 'java/io/FileNotFoundException'{0x000000070f5948f0}> (0x000000070f5948f0) thrown at [./open/src/hotspot/share/prims/jni.cpp, line 611]
Event: 7496.030 Thread 0x000002647373f000 Exception <a 'java/io/FileNotFoundException'{0x000000070f5e40e8}> (0x000000070f5e40e8) thrown at [./open/src/hotspot/share/prims/jni.cpp, line 611]
Event: 7496.283 Thread 0x000002647373f000 Exception <a 'java/io/FileNotFoundException'{0x000000070f4c6b60}> (0x000000070f4c6b60) thrown at [./open/src/hotspot/share/prims/jni.cpp, line 611]
Event: 7496.284 Thread 0x000002647373f000 Exception <a 'java/io/FileNotFoundException'{0x000000070f4c7cf0}> (0x000000070f4c7cf0) thrown at [./open/src/hotspot/share/prims/jni.cpp, line 611]
Event: 7496.622 Thread 0x000002647373f000 Exception <a 'java/lang/reflect/InvocationTargetException'{0x000000070f309b50}> (0x000000070f309b50) thrown at [./open/src/hotspot/share/runtime/reflection.cpp, line 1242]
Event: 7496.622 Thread 0x000002647373f000 Exception <a 'java/lang/reflect/InvocationTargetException'{0x000000070f3103b8}> (0x000000070f3103b8) thrown at [./open/src/hotspot/share/runtime/reflection.cpp, line 1242]
Event: 7777.564 Thread 0x0000026473740800 Exception <a 'java/lang/reflect/InvocationTargetException'{0x0000000713c35180}> (0x0000000713c35180) thrown at [./open/src/hotspot/share/runtime/reflection.cpp, line 1242]
Event: 7787.917 Thread 0x000002647373d800 Exception <a 'java/lang/reflect/InvocationTargetException'{0x0000000713857a70}> (0x0000000713857a70) thrown at [./open/src/hotspot/share/runtime/reflection.cpp, line 1242]
Event: 8741.040 Thread 0x000002647373d800 Exception <a 'java/lang/reflect/InvocationTargetException'{0x000000070ea596e8}> (0x000000070ea596e8) thrown at [./open/src/hotspot/share/runtime/reflection.cpp, line 1242]
Event: 10665.076 Thread 0x0000026473734800 Exception <a 'java/lang/InterruptedException'{0x000000070f062ee0}: sleep interrupted> (0x000000070f062ee0) thrown at [./open/src/hotspot/share/prims/jvm.cpp, line 3127]

Events (10 events):
Event: 10665.089 Executing VM operation: RevokeBias
Event: 10665.089 Executing VM operation: RevokeBias done
Event: 10665.089 Executing VM operation: RevokeBias
Event: 10665.089 Executing VM operation: RevokeBias done
Event: 10665.090 Executing VM operation: RevokeBias
Event: 10665.090 Executing VM operation: RevokeBias done
Event: 10665.090 Executing VM operation: RevokeBias
Event: 10665.090 Executing VM operation: RevokeBias done
Event: 10665.090 Thread 0x0000026474ba9000 Thread exited: 0x0000026474ba9000
Event: 10665.093 Executing VM operation: G1CollectFull


Dynamic libraries:
0x00007ff64c0f0000 - 0x00007ff64c100000 	C:\Program Files\Java\jdk-11\bin\java.exe
0x00007ffd3e790000 - 0x00007ffd3e988000 	C:\WINDOWS\SYSTEM32\ntdll.dll
0x00007ffd3ddb0000 - 0x00007ffd3de6f000 	C:\WINDOWS\System32\KERNEL32.DLL
0x00007ffd3c2d0000 - 0x00007ffd3c5c6000 	C:\WINDOWS\System32\KERNELBASE.dll
0x00007ffd3c6c0000 - 0x00007ffd3c7c0000 	C:\WINDOWS\System32\ucrtbase.dll
0x00007ffd28b20000 - 0x00007ffd28b3b000 	C:\Program Files\Java\jdk-11\bin\VCRUNTIME140.dll
0x00007ffd2b7a0000 - 0x00007ffd2b7b8000 	C:\Program Files\Java\jdk-11\bin\jli.dll
0x00007ffd3d510000 - 0x00007ffd3d5bf000 	C:\WINDOWS\System32\ADVAPI32.dll
0x00007ffd3c8e0000 - 0x00007ffd3c97e000 	C:\WINDOWS\System32\msvcrt.dll
0x00007ffd3e4f0000 - 0x00007ffd3e58c000 	C:\WINDOWS\System32\sechost.dll
0x00007ffd3e620000 - 0x00007ffd3e746000 	C:\WINDOWS\System32\RPCRT4.dll
0x00007ffd3e2e0000 - 0x00007ffd3e47d000 	C:\WINDOWS\System32\USER32.dll
0x00007ffd2ae00000 - 0x00007ffd2b09a000 	C:\WINDOWS\WinSxS\amd64_microsoft.windows.common-controls_6595b64144ccf1df_6.0.19041.1110_none_60b5254171f9507e\COMCTL32.dll
0x00007ffd3c090000 - 0x00007ffd3c0b2000 	C:\WINDOWS\System32\win32u.dll
0x00007ffd3d2b0000 - 0x00007ffd3d2dc000 	C:\WINDOWS\System32\GDI32.dll
0x00007ffd3bf70000 - 0x00007ffd3c085000 	C:\WINDOWS\System32\gdi32full.dll
0x00007ffd3c620000 - 0x00007ffd3c6bd000 	C:\WINDOWS\System32\msvcp_win.dll
0x00007ffd351e0000 - 0x00007ffd351ea000 	C:\WINDOWS\SYSTEM32\VERSION.dll
0x00007ffd3c800000 - 0x00007ffd3c830000 	C:\WINDOWS\System32\IMM32.DLL
0x00007ffd314c0000 - 0x00007ffd314cc000 	C:\Program Files\Java\jdk-11\bin\vcruntime140_1.dll
0x00007ffd08140000 - 0x00007ffd081ce000 	C:\Program Files\Java\jdk-11\bin\msvcp140.dll
0x00007ffcff830000 - 0x00007ffd00398000 	C:\Program Files\Java\jdk-11\bin\server\jvm.dll
0x00007ffd3d500000 - 0x00007ffd3d508000 	C:\WINDOWS\System32\PSAPI.DLL
0x00007ffd32970000 - 0x00007ffd32979000 	C:\WINDOWS\SYSTEM32\WSOCK32.dll
0x00007ffd26e90000 - 0x00007ffd26eb7000 	C:\WINDOWS\SYSTEM32\WINMM.dll
0x00007ffd3e480000 - 0x00007ffd3e4eb000 	C:\WINDOWS\System32\WS2_32.dll
0x00007ffd3a6b0000 - 0x00007ffd3a6c2000 	C:\WINDOWS\SYSTEM32\kernel.appcore.dll
0x00007ffd294c0000 - 0x00007ffd294d0000 	C:\Program Files\Java\jdk-11\bin\verify.dll
0x00007ffd3a490000 - 0x00007ffd3a674000 	C:\WINDOWS\SYSTEM32\DBGHELP.DLL
0x00007ffd337e0000 - 0x00007ffd33814000 	C:\WINDOWS\SYSTEM32\dbgcore.DLL
0x00007ffd3bee0000 - 0x00007ffd3bf62000 	C:\WINDOWS\System32\bcryptPrimitives.dll
0x00007ffd08920000 - 0x00007ffd08948000 	C:\Program Files\Java\jdk-11\bin\java.dll
0x00007ffd294a0000 - 0x00007ffd294aa000 	C:\Program Files\Java\jdk-11\bin\jimage.dll
0x00007ffd25830000 - 0x00007ffd25847000 	C:\Program Files\Java\jdk-11\bin\zip.dll
0x00007ffd3cb00000 - 0x00007ffd3d244000 	C:\WINDOWS\System32\SHELL32.dll
0x00007ffd39c30000 - 0x00007ffd3a3c4000 	C:\WINDOWS\SYSTEM32\windows.storage.dll
0x00007ffd3d910000 - 0x00007ffd3dc64000 	C:\WINDOWS\System32\combase.dll
0x00007ffd3b7e0000 - 0x00007ffd3b80e000 	C:\WINDOWS\SYSTEM32\Wldp.dll
0x00007ffd3c830000 - 0x00007ffd3c8dd000 	C:\WINDOWS\System32\SHCORE.dll
0x00007ffd3c980000 - 0x00007ffd3c9d5000 	C:\WINDOWS\System32\shlwapi.dll
0x00007ffd3bda0000 - 0x00007ffd3bdc5000 	C:\WINDOWS\SYSTEM32\profapi.dll
0x00007ffd1f3e0000 - 0x00007ffd1f3f9000 	C:\Program Files\Java\jdk-11\bin\net.dll
0x00007ffd37a40000 - 0x00007ffd37b4a000 	C:\WINDOWS\SYSTEM32\WINHTTP.dll
0x00007ffd3b540000 - 0x00007ffd3b5aa000 	C:\WINDOWS\system32\mswsock.dll
0x00007ffd1eeb0000 - 0x00007ffd1eec2000 	C:\Program Files\Java\jdk-11\bin\nio.dll
0x00007ffd1ea10000 - 0x00007ffd1ea19000 	C:\Program Files\Java\jdk-11\bin\management.dll
0x00007ffd1d320000 - 0x00007ffd1d32b000 	C:\Program Files\Java\jdk-11\bin\management_ext.dll
0x00007ffcf74a0000 - 0x00007ffcf74b7000 	C:\WINDOWS\system32\napinsp.dll
0x00007ffcf7200000 - 0x00007ffcf721b000 	C:\WINDOWS\system32\pnrpnsp.dll
0x00007ffd38c60000 - 0x00007ffd38c75000 	C:\WINDOWS\system32\wshbth.dll
0x00007ffd37a10000 - 0x00007ffd37a2d000 	C:\WINDOWS\system32\NLAapi.dll
0x00007ffd3b230000 - 0x00007ffd3b26c000 	C:\WINDOWS\SYSTEM32\IPHLPAPI.DLL
0x00007ffd3b2c0000 - 0x00007ffd3b38a000 	C:\WINDOWS\SYSTEM32\DNSAPI.dll
0x00007ffd3d2e0000 - 0x00007ffd3d2e8000 	C:\WINDOWS\System32\NSI.dll
0x00007ffcf7080000 - 0x00007ffcf7092000 	C:\WINDOWS\System32\winrnr.dll
0x00007ffd35eb0000 - 0x00007ffd35eba000 	C:\Windows\System32\rasadhlp.dll
0x00007ffd35820000 - 0x00007ffd358a2000 	C:\WINDOWS\System32\fwpuclnt.dll
0x00007ffd3c7c0000 - 0x00007ffd3c7e7000 	C:\WINDOWS\System32\bcrypt.dll
0x00007ffd3b730000 - 0x00007ffd3b748000 	C:\WINDOWS\SYSTEM32\CRYPTSP.dll
0x00007ffd3ae60000 - 0x00007ffd3ae94000 	C:\WINDOWS\system32\rsaenh.dll
0x00007ffd3bcb0000 - 0x00007ffd3bcde000 	C:\WINDOWS\SYSTEM32\USERENV.dll
0x00007ffd3b750000 - 0x00007ffd3b75c000 	C:\WINDOWS\SYSTEM32\CRYPTBASE.dll
0x00007ffd360a0000 - 0x00007ffd360b7000 	C:\WINDOWS\SYSTEM32\dhcpcsvc6.DLL
0x00007ffd36220000 - 0x00007ffd3623d000 	C:\WINDOWS\SYSTEM32\dhcpcsvc.DLL
0x00007ffd11250000 - 0x00007ffd1125d000 	C:\Program Files\Java\jdk-11\bin\sunmscapi.dll
0x00007ffd3c170000 - 0x00007ffd3c2ce000 	C:\WINDOWS\System32\CRYPT32.dll
0x00007ffd3b850000 - 0x00007ffd3b878000 	C:\WINDOWS\SYSTEM32\ncrypt.dll
0x00007ffd3b810000 - 0x00007ffd3b84b000 	C:\WINDOWS\SYSTEM32\NTASN1.dll
0x00007ffd08110000 - 0x00007ffd08137000 	C:\Program Files\Java\jdk-11\bin\sunec.dll

dbghelp: loaded successfully - version: 4.0.5 - missing functions: none
symbol engine: initialized successfully - sym options: 0x614 - pdb path: .;C:\Program Files\Java\jdk-11\bin;C:\WINDOWS\SYSTEM32;C:\WINDOWS\WinSxS\amd64_microsoft.windows.common-controls_6595b64144ccf1df_6.0.19041.1110_none_60b5254171f9507e;C:\Program Files\Java\jdk-11\bin\server

VM Arguments:
jvm_args: -Dcom.sun.management.jmxremote -Dcom.sun.management.jmxremote.port=60001 -Dcom.sun.management.jmxremote.authenticate=false -Dcom.sun.management.jmxremote.ssl=false -Dspring.jmx.enabled=true -Djava.rmi.server.hostname=localhost -Dspring.application.admin.enabled=true -Dspring.boot.project.name=wepli 
java_command: com.bit.wepli.WepliApplication
java_class_path (initial): C:\Users\jaelong\OneDrive\πŸ≈¡ »≠∏È\Wepli\wepli\bin\main;C:\Users\jaelong\OneDrive\πŸ≈¡ »≠∏È\Wepli\wepli\bin\test;C:\Users\jaelong\OneDrive\πŸ≈¡ »≠∏È\Wepli\wepli\bin\default;C:\Users\jaelong\.gradle\caches\modules-2\files-2.1\org.projectlombok\lombok\1.18.28\a2ff5da8bcd8b1b26f36b806ced63213362c6dcc\lombok-1.18.28.jar;C:\Users\jaelong\.gradle\caches\modules-2\files-2.1\org.springframework.boot\spring-boot-starter-websocket\2.7.13\d220699557e1e42c770e4c09ade4f559d9424704\spring-boot-starter-websocket-2.7.13.jar;C:\Users\jaelong\.gradle\caches\modules-2\files-2.1\org.springframework.boot\spring-boot-starter-web\2.7.13\707bd743fa544ca06a78a657465c1ca0f5084ea4\spring-boot-starter-web-2.7.13.jar;C:\Users\jaelong\.gradle\caches\modules-2\files-2.1\org.mybatis.spring.boot\mybatis-spring-boot-starter\2.3.1\b031f7fa6370ace72d05ad2a7fad7bb1940c26\mybatis-spring-boot-starter-2.3.1.jar;C:\Users\jaelong\.gradle\caches\modules-2\files-2.1\org.springframework.boot\spring-boot-starter-security\2.7.13\f9865128e03e45337297ce9efd998f0c78a8e5d7\spring-boot-starter-security-2.7.13.jar;C:\Users\jaelong\.gradle\caches\modules-2\files-2.1\io.jsonwebtoken\jjwt\0.9.1\54d2abfc3e63a28824d35bf600d6a5d627da681a\jjwt-0.9.1.jar;C:\Users\jaelong\.gradle\caches\modules-2\files-2.1\javax.xml.bind\jaxb-api\2.3.1\8531ad5ac454cc2deb9d4d32c40c4d7451939b5d\jaxb-api-2.3.1.jar;C:\Users\jaelong\.gradle\caches\modules-2\files-2.1\io.awspring.cloud\spring-cloud-starter-aws\2.4.4\b486194fc0373539a9c7c107a81ae12c060a4f8\spring-cloud-starter-aws-2.4.4.jar;C:\Users\jaelong\.gradle\caches\modules-2\files-2.1\io.awspring.cloud\spring-cloud-aws-autoconfigure\2.4.4\4cbf7576204c58f20419b35defbf4ad33f517a8c\spring-cloud-aws-autoconfigure-2.4.4.jar;C:\Users\jaelong\.gradle\caches\modules-2\files-2.1\io.awspring.cloud\spring-cloud-aws-context\2.4.4\9b6ddc82c1f9da5d655b2a5deecf3a46f59736fa\spring-cloud-aws-context-2.4.4.jar;C:\Users\jaelong\.gradle\caches\modules-2\files-2.1\io.awspring.cloud\sp
Launcher Type: SUN_STANDARD

[Global flags]
     intx CICompilerCount                          = 4                                         {product} {ergonomic}
     uint ConcGCThreads                            = 3                                         {product} {ergonomic}
     uint G1ConcRefinementThreads                  = 10                                        {product} {ergonomic}
   size_t G1HeapRegionSize                         = 1048576                                   {product} {ergonomic}
    uintx GCDrainStackTargetSize                   = 64                                        {product} {ergonomic}
   size_t InitialHeapSize                          = 257949696                                 {product} {ergonomic}
     bool ManagementServer                         = true                                      {product} {command line}
   size_t MarkStackSize                            = 4194304                                   {product} {ergonomic}
   size_t MaxHeapSize                              = 4112515072                                {product} {ergonomic}
   size_t MaxNewSize                               = 2467299328                                {product} {ergonomic}
   size_t MinHeapDeltaBytes                        = 1048576                                   {product} {ergonomic}
    uintx NonNMethodCodeHeapSize                   = 5836300                                {pd product} {ergonomic}
    uintx NonProfiledCodeHeapSize                  = 122910970                              {pd product} {ergonomic}
    uintx ProfiledCodeHeapSize                     = 122910970                              {pd product} {ergonomic}
    uintx ReservedCodeCacheSize                    = 251658240                              {pd product} {ergonomic}
     bool SegmentedCodeCache                       = true                                      {product} {ergonomic}
     bool UseCompressedClassPointers               = true                                 {lp64_product} {ergonomic}
     bool UseCompressedOops                        = true                                 {lp64_product} {ergonomic}
     bool UseG1GC                                  = true                                      {product} {ergonomic}
     bool UseLargePagesIndividualAllocation        = false                                  {pd product} {ergonomic}

Logging:
Log output configuration:
 #0: stdout all=warning uptime,level,tags
 #1: stderr all=off uptime,level,tags

Environment Variables:
JAVA_HOME=C:\Program Files\Java\jdk-11\bin
PATH=C:\Program Files\Common Files\Oracle\Java\javapath;C:\Program Files\MySQL\MySQL Server 8.0\bin;C:\Program Files\PuTTY\;C:\Windows\System32\OpenSSH;C:\Program Files\Git\cmd;C:\Program Files\nodejs\;C:\Program Files\MySQL\MySQL Shell 8.0\bin\;C:\Users\jaelong\AppData\Local\Microsoft\WindowsApps;C:\Users\jaelong\AppData\Local\Programs\Microsoft VS Code\bin;C:\Program Files\JetBrains\IntelliJ IDEA 2023.1.1\bin;;C:\Users\jaelong\AppData\Local\Programs\Python\Python311;C:\Users\jaelong\AppData\Local\Programs\Python\Python311\Scripts\;C:\Users\jaelong\AppData\Roaming\npm
USERNAME=jaelong
OS=Windows_NT
PROCESSOR_IDENTIFIER=AMD64 Family 25 Model 80 Stepping 0, AuthenticAMD



---------------  S Y S T E M  ---------------

OS: Windows 10 , 64 bit Build 19041 (10.0.19041.3155)

CPU:total 12 (initial active 12) (12 cores per cpu, 2 threads per core) family 25 model 80 stepping 0 microcode 0x0, cmov, cx8, fxsr, mmx, sse, sse2, sse3, ssse3, sse4.1, sse4.2, popcnt, avx, avx2, aes, clmul, erms, mmxext, 3dnowpref, lzcnt, sse4a, ht, tsc, tscinvbit, tscinv, bmi1, bmi2,

Memory: 4k page, system-wide physical 15681M (4408M free)
TotalPageFile size 22023M (AvailPageFile size 4488M)
current process WorkingSet (physical memory assigned to process): 203M, peak: 327M
current process commit charge ("private bytes"): 327M, peak: 483M

vm_info: Java HotSpot(TM) 64-Bit Server VM (11.0.18+9-LTS-195) for windows-amd64 JRE (11.0.18+9-LTS-195), built on Dec  6 2022 15:50:58 by "mach5one" with MS VC++ 17.1 (VS2022)

END.
